<?xml version="1.0" encoding="UTF-8"?>
<!-- Generated by org.testng.reporters.JUnitXMLReporter -->
<testsuite ignored="0" hostname="Vinods-MacBook-Pro.local" failures="0" tests="2" name="Surefire test" time="0.064" errors="0" timestamp="2020-01-25T15:23:27 IST">
  <testcase classname="com.company.CommandHelperTest" name="testGetRelationsCommandForMaternalUncle on testGetRelationsCommandForMaternalUncle(com.company.CommandHelperTest)" time="0.016"/>
  <testcase classname="com.company.CommandHelperTest" name="testGetRelationsCommandForMaternalAunt on testGetRelationsCommandForMaternalAunt(com.company.CommandHelperTest)" time="0.028"/>
</testsuite> <!-- Surefire test -->
