<?xml version="1.0" encoding="UTF-8"?>
<testng-results ignored="0" total="2" passed="2" failed="0" skipped="0">
  <reporter-output>
  </reporter-output>
  <suite started-at="2020-01-25T15:23:22 IST" name="Surefire suite" finished-at="2020-01-25T15:23:22 IST" duration-ms="64">
    <groups>
    </groups>
    <test started-at="2020-01-25T15:23:22 IST" name="Surefire test" finished-at="2020-01-25T15:23:22 IST" duration-ms="64">
      <class name="com.company.CommandHelperTest">
        <test-method signature="testGetRelationsCommandForMaternalUncle()" started-at="2020-01-25T15:23:22 IST" name="testGetRelationsCommandForMaternalUncle" finished-at="2020-01-25T15:23:22 IST" duration-ms="16" status="PASS">
          <reporter-output>
          </reporter-output>
        </test-method> <!-- testGetRelationsCommandForMaternalUncle -->
        <test-method signature="testGetRelationsCommandForMaternalAunt()" started-at="2020-01-25T15:23:22 IST" name="testGetRelationsCommandForMaternalAunt" finished-at="2020-01-25T15:23:22 IST" duration-ms="28" status="PASS">
          <reporter-output>
          </reporter-output>
        </test-method> <!-- testGetRelationsCommandForMaternalAunt -->
      </class> <!-- com.company.CommandHelperTest -->
    </test> <!-- Surefire test -->
  </suite> <!-- Surefire suite -->
</testng-results>
