<?xml version="1.0" encoding="UTF-8"?>
<testsuite xmlns:xsi="http://www.w3.org/2001/XMLSchema-instance" xsi:noNamespaceSchemaLocation="https://maven.apache.org/surefire/maven-surefire-plugin/xsd/surefire-test-report-3.0.xsd" version="3.0" name="com.company.PersonTest" time="5.325" tests="19" errors="0" skipped="0" failures="0">
  <properties>
[...]
</properties>
  <testcase name="verifyPersonIsMarriedTo on verifyPersonIsMarriedTo(com.company.PersonTest)" classname="com.company.PersonTest" time="0.021"/>
  <testcase name="findPaternalAuntsGivenAPerson on findPaternalAuntsGivenAPerson(com.company.PersonTest)" classname="com.company.PersonTest" time="0.001"/>
  <testcase name="verifySpouseAfterGettingMarried on verifySpouseAfterGettingMarried(com.company.PersonTest)" classname="com.company.PersonTest" time="0"/>
  <testcase name="findDaughtersGivenAPerson on findDaughtersGivenAPerson(com.company.PersonTest)" classname="com.company.PersonTest" time="0.001"/>
  <testcase name="verifyGiveBirthToAddsChildRelationshipAccordingly on verifyGiveBirthToAddsChildRelationshipAccordingly(com.company.PersonTest)" classname="com.company.PersonTest" time="0"/>
  <testcase name="findSonsGivenAPerson on findSonsGivenAPerson(com.company.PersonTest)" classname="com.company.PersonTest" time="0.001"/>
  <testcase name="findBrotherInLawsGivenAPerson on findBrotherInLawsGivenAPerson(com.company.PersonTest)" classname="com.company.PersonTest" time="0.001"/>
  <testcase name="findFatherGivenAPerson on findFatherGivenAPerson(com.company.PersonTest)" classname="com.company.PersonTest" time="0"/>
  <testcase name="verifyGiveBirthThrowsExceptionWhenPersonIsMale on verifyGiveBirthThrowsExceptionWhenPersonIsMale(com.company.PersonTest)" classname="com.company.PersonTest" time="0"/>
  <testcase name="findSisterInLawsGivenAPerson on findSisterInLawsGivenAPerson(com.company.PersonTest)" classname="com.company.PersonTest" time="0.001"/>
  <testcase name="findChildrenGivenAPerson on findChildrenGivenAPerson(com.company.PersonTest)" classname="com.company.PersonTest" time="0"/>
  <testcase name="verifyGiveBirthThrowsExceptionWhenPersonNotMarried on verifyGiveBirthThrowsExceptionWhenPersonNotMarried(com.company.PersonTest)" classname="com.company.PersonTest" time="0.001"/>
  <testcase name="findMaternalAuntsGivenAPerson on findMaternalAuntsGivenAPerson(com.company.PersonTest)" classname="com.company.PersonTest" time="0"/>
  <testcase name="verifyGiveBirthSetsMotherRelationship on verifyGiveBirthSetsMotherRelationship(com.company.PersonTest)" classname="com.company.PersonTest" time="0"/>
  <testcase name="findMaternalUnclesGivenAPerson on findMaternalUnclesGivenAPerson(com.company.PersonTest)" classname="com.company.PersonTest" time="0"/>
  <testcase name="findPaternalUnclesGivenAPerson on findPaternalUnclesGivenAPerson(com.company.PersonTest)" classname="com.company.PersonTest" time="0"/>
  <testcase name="findBrothersGivenAPerson on findBrothersGivenAPerson(com.company.PersonTest)" classname="com.company.PersonTest" time="0"/>
  <testcase name="findSistersGivenAPerson on findSistersGivenAPerson(com.company.PersonTest)" classname="com.company.PersonTest" time="0"/>
  <testcase name="verifyPersonIdentity on verifyPersonIdentity(com.company.PersonTest)" classname="com.company.PersonTest" time="0"/>
</testsuite>