<?xml version="1.0" encoding="UTF-8"?>
<testsuite xmlns:xsi="http://www.w3.org/2001/XMLSchema-instance" xsi:noNamespaceSchemaLocation="https://maven.apache.org/surefire/maven-surefire-plugin/xsd/surefire-test-report-3.0.xsd" version="3.0" name="com.company.CommandHelperTest" time="5.251" tests="2" errors="0" skipped="0" failures="0">
  <properties>
[...]
</properties>
  <testcase name="testGetRelationsCommandForMaternalUncle on testGetRelationsCommandForMaternalUncle(com.company.CommandHelperTest)" classname="com.company.CommandHelperTest" time="0.018"/>
  <testcase name="testGetRelationsCommandForMaternalAunt on testGetRelationsCommandForMaternalAunt(com.company.CommandHelperTest)" classname="com.company.CommandHelperTest" time="0"/>
</testsuite>